<?xml version="1.0" encoding="UTF-8"?>
<testng-results ignored="0" total="1" passed="1" failed="0" skipped="0">
  <reporter-output>
  </reporter-output>
  <suite started-at="2021-12-06T08:34:43 CET" name="Default suite" finished-at="2021-12-06T08:35:03 CET" duration-ms="20219">
    <groups>
    </groups>
    <test started-at="2021-12-06T08:34:43 CET" name="Default test" finished-at="2021-12-06T08:35:03 CET" duration-ms="20219">
      <class name="com.searchfunctionality.testCases.TC_SearchFunctionality_001">
        <test-method is-config="true" signature="setup()[pri:0, instance:com.searchfunctionality.testCases.TC_SearchFunctionality_001@2af004b]" started-at="2021-12-06T08:34:43 CET" name="setup" finished-at="2021-12-06T08:34:54 CET" duration-ms="11059" status="PASS">
          <reporter-output>
          </reporter-output>
        </test-method> <!-- setup -->
        <test-method signature="searchFunction()[pri:0, instance:com.searchfunctionality.testCases.TC_SearchFunctionality_001@2af004b]" started-at="2021-12-06T08:34:54 CET" name="searchFunction" finished-at="2021-12-06T08:35:03 CET" duration-ms="8871" status="PASS">
          <reporter-output>
          </reporter-output>
        </test-method> <!-- searchFunction -->
        <test-method is-config="true" signature="tearDown()[pri:0, instance:com.searchfunctionality.testCases.TC_SearchFunctionality_001@2af004b]" started-at="2021-12-06T08:35:03 CET" name="tearDown" finished-at="2021-12-06T08:35:03 CET" duration-ms="221" status="PASS">
          <reporter-output>
          </reporter-output>
        </test-method> <!-- tearDown -->
      </class> <!-- com.searchfunctionality.testCases.TC_SearchFunctionality_001 -->
    </test> <!-- Default test -->
  </suite> <!-- Default suite -->
</testng-results>
